<?xml version="1.0" encoding="UTF-8"?>
<testng-results ignored="0" total="2" passed="2" failed="0" skipped="0">
  <reporter-output>
  </reporter-output>
  <suite started-at="2024-04-23T11:15:47 IST" name="Default suite" finished-at="2024-04-23T11:16:12 IST" duration-ms="24692">
    <groups>
    </groups>
    <test started-at="2024-04-23T11:15:47 IST" name="Default test" finished-at="2024-04-23T11:16:12 IST" duration-ms="24692">
      <class name="testCases.TC_003_T5">
        <test-method signature="setup()[pri:0, instance:testCases.TC_003_T5@4c371370]" started-at="2024-04-23T11:15:47 IST" name="setup" finished-at="2024-04-23T11:15:58 IST" duration-ms="11153" status="PASS">
          <reporter-output>
          </reporter-output>
        </test-method> <!-- setup -->
        <test-method signature="register()[pri:0, instance:testCases.TC_003_T5@4c371370]" started-at="2024-04-23T11:15:58 IST" name="register" finished-at="2024-04-23T11:16:12 IST" duration-ms="13469" status="PASS">
          <reporter-output>
          </reporter-output>
        </test-method> <!-- register -->
      </class> <!-- testCases.TC_003_T5 -->
    </test> <!-- Default test -->
  </suite> <!-- Default suite -->
</testng-results>
