<?xml version="1.0" encoding="UTF-8"?>
<testng-results ignored="0" total="1" passed="1" failed="0" skipped="0">
  <reporter-output>
  </reporter-output>
  <suite started-at="2024-03-08T10:47:07 IST" name="Default suite" finished-at="2024-03-08T10:47:29 IST" duration-ms="22786">
    <groups>
    </groups>
    <test started-at="2024-03-08T10:47:07 IST" name="Default test" finished-at="2024-03-08T10:47:29 IST" duration-ms="22786">
      <class name="testCases.TC_002_Login">
        <test-method is-config="true" signature="setup()[pri:0, instance:testCases.TC_002_Login@6b2ea799]" started-at="2024-03-08T10:47:07 IST" name="setup" finished-at="2024-03-08T10:47:27 IST" duration-ms="20008" status="PASS">
          <reporter-output>
          </reporter-output>
        </test-method> <!-- setup -->
        <test-method signature="LoginAccount()[pri:0, instance:testCases.TC_002_Login@6b2ea799]" started-at="2024-03-08T10:47:27 IST" name="LoginAccount" finished-at="2024-03-08T10:47:29 IST" duration-ms="2291" status="PASS">
          <reporter-output>
          </reporter-output>
        </test-method> <!-- LoginAccount -->
        <test-method is-config="true" signature="close()[pri:0, instance:testCases.TC_002_Login@6b2ea799]" started-at="2024-03-08T10:47:29 IST" name="close" finished-at="2024-03-08T10:47:29 IST" duration-ms="376" status="PASS">
          <reporter-output>
          </reporter-output>
        </test-method> <!-- close -->
      </class> <!-- testCases.TC_002_Login -->
    </test> <!-- Default test -->
  </suite> <!-- Default suite -->
</testng-results>
